0 info it worked if it ends with ok
1 verbose cli [ '/usr/local/bin/node',
1 verbose cli   '/usr/local/bin/npm',
1 verbose cli   'install',
1 verbose cli   'gulp-sass',
1 verbose cli   'gulp-source',
1 verbose cli   '-g' ]
2 info using npm@3.10.3
3 info using node@v6.3.1
4 silly loadCurrentTree Starting
5 silly install loadCurrentTree
6 silly install readGlobalPackageData
7 silly fetchPackageMetaData gulp-sass
8 silly fetchPackageMetaData gulp-source
9 silly fetchNamedPackageData gulp-sass
10 silly mapToRegistry name gulp-sass
11 silly mapToRegistry using default registry
12 silly mapToRegistry registry https://registry.npmjs.org/
13 silly mapToRegistry data Result {
13 silly mapToRegistry   raw: 'gulp-sass',
13 silly mapToRegistry   scope: null,
13 silly mapToRegistry   escapedName: 'gulp-sass',
13 silly mapToRegistry   name: 'gulp-sass',
13 silly mapToRegistry   rawSpec: '',
13 silly mapToRegistry   spec: 'latest',
13 silly mapToRegistry   type: 'tag' }
14 silly mapToRegistry uri https://registry.npmjs.org/gulp-sass
15 silly fetchNamedPackageData gulp-source
16 silly mapToRegistry name gulp-source
17 silly mapToRegistry using default registry
18 silly mapToRegistry registry https://registry.npmjs.org/
19 silly mapToRegistry data Result {
19 silly mapToRegistry   raw: 'gulp-source',
19 silly mapToRegistry   scope: null,
19 silly mapToRegistry   escapedName: 'gulp-source',
19 silly mapToRegistry   name: 'gulp-source',
19 silly mapToRegistry   rawSpec: '',
19 silly mapToRegistry   spec: 'latest',
19 silly mapToRegistry   type: 'tag' }
20 silly mapToRegistry uri https://registry.npmjs.org/gulp-source
21 verbose request uri https://registry.npmjs.org/gulp-source
22 verbose request no auth needed
23 info attempt registry request try #1 at 2:54:29 PM
24 verbose request id 6b4c150f6995603a
25 http request GET https://registry.npmjs.org/gulp-source
26 verbose request uri https://registry.npmjs.org/gulp-sass
27 verbose request no auth needed
28 info attempt registry request try #1 at 2:54:29 PM
29 verbose etag "91WI8K61U7FUU2N7S7N9SXU4S"
30 http request GET https://registry.npmjs.org/gulp-sass
31 http 200 https://registry.npmjs.org/gulp-sass
32 verbose headers { server: 'CouchDB/1.5.0 (Erlang OTP/R16B03)',
32 verbose headers   etag: '"D8QYWJ5GE4NN35AS06PP2ATX6"',
32 verbose headers   'content-type': 'application/json',
32 verbose headers   'content-encoding': 'gzip',
32 verbose headers   'cache-control': 'max-age=300',
32 verbose headers   'content-length': '9741',
32 verbose headers   'accept-ranges': 'bytes',
32 verbose headers   date: 'Fri, 05 Aug 2016 21:54:29 GMT',
32 verbose headers   via: '1.1 varnish',
32 verbose headers   age: '0',
32 verbose headers   connection: 'keep-alive',
32 verbose headers   'x-served-by': 'cache-sjc3129-SJC',
32 verbose headers   'x-cache': 'HIT',
32 verbose headers   'x-cache-hits': '1',
32 verbose headers   'x-timer': 'S1470434069.546585,VS0,VE0',
32 verbose headers   vary: 'Accept-Encoding' }
33 silly get cb [ 200,
33 silly get   { server: 'CouchDB/1.5.0 (Erlang OTP/R16B03)',
33 silly get     etag: '"D8QYWJ5GE4NN35AS06PP2ATX6"',
33 silly get     'content-type': 'application/json',
33 silly get     'content-encoding': 'gzip',
33 silly get     'cache-control': 'max-age=300',
33 silly get     'content-length': '9741',
33 silly get     'accept-ranges': 'bytes',
33 silly get     date: 'Fri, 05 Aug 2016 21:54:29 GMT',
33 silly get     via: '1.1 varnish',
33 silly get     age: '0',
33 silly get     connection: 'keep-alive',
33 silly get     'x-served-by': 'cache-sjc3129-SJC',
33 silly get     'x-cache': 'HIT',
33 silly get     'x-cache-hits': '1',
33 silly get     'x-timer': 'S1470434069.546585,VS0,VE0',
33 silly get     vary: 'Accept-Encoding' } ]
34 verbose get saving gulp-sass to /Users/bangnguyen/.npm/registry.npmjs.org/gulp-sass/.cache.json
35 verbose correctMkdir /Users/bangnguyen/.npm correctMkdir not in flight; initializing
36 http 404 https://registry.npmjs.org/gulp-source
37 verbose headers { 'content-type': 'application/json',
37 verbose headers   'cache-control': 'max-age=0',
37 verbose headers   'content-length': '2',
37 verbose headers   'accept-ranges': 'bytes',
37 verbose headers   date: 'Fri, 05 Aug 2016 21:54:29 GMT',
37 verbose headers   via: '1.1 varnish',
37 verbose headers   age: '0',
37 verbose headers   connection: 'keep-alive',
37 verbose headers   'x-served-by': 'cache-sjc3147-SJC',
37 verbose headers   'x-cache': 'MISS',
37 verbose headers   'x-cache-hits': '0',
37 verbose headers   'x-timer': 'S1470434069.547350,VS0,VE35',
37 verbose headers   vary: 'Accept-Encoding' }
38 silly get cb [ 404,
38 silly get   { 'content-type': 'application/json',
38 silly get     'cache-control': 'max-age=0',
38 silly get     'content-length': '2',
38 silly get     'accept-ranges': 'bytes',
38 silly get     date: 'Fri, 05 Aug 2016 21:54:29 GMT',
38 silly get     via: '1.1 varnish',
38 silly get     age: '0',
38 silly get     connection: 'keep-alive',
38 silly get     'x-served-by': 'cache-sjc3147-SJC',
38 silly get     'x-cache': 'MISS',
38 silly get     'x-cache-hits': '0',
38 silly get     'x-timer': 'S1470434069.547350,VS0,VE35',
38 silly get     vary: 'Accept-Encoding' } ]
39 silly fetchPackageMetaData Error: Registry returned 404 for GET on https://registry.npmjs.org/gulp-source
39 silly fetchPackageMetaData     at makeError (/usr/local/lib/node_modules/npm/node_modules/npm-registry-client/lib/request.js:264:12)
39 silly fetchPackageMetaData     at CachingRegistryClient.<anonymous> (/usr/local/lib/node_modules/npm/node_modules/npm-registry-client/lib/request.js:242:14)
39 silly fetchPackageMetaData     at Request._callback (/usr/local/lib/node_modules/npm/node_modules/npm-registry-client/lib/request.js:172:14)
39 silly fetchPackageMetaData     at Request.self.callback (/usr/local/lib/node_modules/npm/node_modules/request/request.js:200:22)
39 silly fetchPackageMetaData     at emitTwo (events.js:106:13)
39 silly fetchPackageMetaData     at Request.emit (events.js:191:7)
39 silly fetchPackageMetaData     at Request.<anonymous> (/usr/local/lib/node_modules/npm/node_modules/request/request.js:1067:10)
39 silly fetchPackageMetaData     at emitOne (events.js:101:20)
39 silly fetchPackageMetaData     at Request.emit (events.js:188:7)
39 silly fetchPackageMetaData     at IncomingMessage.<anonymous> (/usr/local/lib/node_modules/npm/node_modules/request/request.js:988:12)
39 silly fetchPackageMetaData  error for gulp-source { Error: Registry returned 404 for GET on https://registry.npmjs.org/gulp-source
39 silly fetchPackageMetaData     at makeError (/usr/local/lib/node_modules/npm/node_modules/npm-registry-client/lib/request.js:264:12)
39 silly fetchPackageMetaData     at CachingRegistryClient.<anonymous> (/usr/local/lib/node_modules/npm/node_modules/npm-registry-client/lib/request.js:242:14)
39 silly fetchPackageMetaData     at Request._callback (/usr/local/lib/node_modules/npm/node_modules/npm-registry-client/lib/request.js:172:14)
39 silly fetchPackageMetaData     at Request.self.callback (/usr/local/lib/node_modules/npm/node_modules/request/request.js:200:22)
39 silly fetchPackageMetaData     at emitTwo (events.js:106:13)
39 silly fetchPackageMetaData     at Request.emit (events.js:191:7)
39 silly fetchPackageMetaData     at Request.<anonymous> (/usr/local/lib/node_modules/npm/node_modules/request/request.js:1067:10)
39 silly fetchPackageMetaData     at emitOne (events.js:101:20)
39 silly fetchPackageMetaData     at Request.emit (events.js:188:7)
39 silly fetchPackageMetaData     at IncomingMessage.<anonymous> (/usr/local/lib/node_modules/npm/node_modules/request/request.js:988:12) pkgid: 'gulp-source', statusCode: 404, code: 'E404' }
40 silly rollbackFailedOptional Starting
41 silly rollbackFailedOptional Finishing
42 silly runTopLevelLifecycles Starting
43 silly runTopLevelLifecycles Finishing
44 silly install printInstalled
45 verbose stack Error: Registry returned 404 for GET on https://registry.npmjs.org/gulp-source
45 verbose stack     at makeError (/usr/local/lib/node_modules/npm/node_modules/npm-registry-client/lib/request.js:264:12)
45 verbose stack     at CachingRegistryClient.<anonymous> (/usr/local/lib/node_modules/npm/node_modules/npm-registry-client/lib/request.js:242:14)
45 verbose stack     at Request._callback (/usr/local/lib/node_modules/npm/node_modules/npm-registry-client/lib/request.js:172:14)
45 verbose stack     at Request.self.callback (/usr/local/lib/node_modules/npm/node_modules/request/request.js:200:22)
45 verbose stack     at emitTwo (events.js:106:13)
45 verbose stack     at Request.emit (events.js:191:7)
45 verbose stack     at Request.<anonymous> (/usr/local/lib/node_modules/npm/node_modules/request/request.js:1067:10)
45 verbose stack     at emitOne (events.js:101:20)
45 verbose stack     at Request.emit (events.js:188:7)
45 verbose stack     at IncomingMessage.<anonymous> (/usr/local/lib/node_modules/npm/node_modules/request/request.js:988:12)
46 verbose statusCode 404
47 verbose pkgid gulp-source
48 verbose cwd /Users/bangnguyen/Desktop/user-lookup
49 error Darwin 15.5.0
50 error argv "/usr/local/bin/node" "/usr/local/bin/npm" "install" "gulp-sass" "gulp-source" "-g"
51 error node v6.3.1
52 error npm  v3.10.3
53 error code E404
54 error 404 Registry returned 404 for GET on https://registry.npmjs.org/gulp-source
55 error 404
56 error 404 'gulp-source' is not in the npm registry.
57 error 404 You should bug the author to publish it (or use the name yourself!)
58 error 404 Note that you can also install from a
59 error 404 tarball, folder, http url, or git url.
60 verbose exit [ 1, true ]
